2026-01-13 22:25:04 [background-preinit] INFO  o.h.validator.internal.util.Version - HV000001: Hibernate Validator 9.0.1.Final
2026-01-13 22:25:04 [main] INFO  c.e.l.LearningExamManagerApplication - Starting LearningExamManagerApplication using Java 23.0.2 with PID 6641 (/Users/fumikun.wen/Desktop/project/Learning&Exam Manger app/learning-exam-manager/build/classes/java/main started by fumikun.wen in /Users/fumikun.wen/Desktop/project/Learning&Exam Manger app/learning-exam-manager)
2026-01-13 22:25:04 [main] DEBUG c.e.l.LearningExamManagerApplication - Running with Spring Boot v4.0.1, Spring v7.0.2
2026-01-13 22:25:04 [main] INFO  c.e.l.LearningExamManagerApplication - No active profile set, falling back to 1 default profile: "default"
2026-01-13 22:25:05 [main] INFO  o.s.d.r.c.RepositoryConfigurationDelegate - Bootstrapping Spring Data JPA repositories in DEFAULT mode.
2026-01-13 22:25:05 [main] INFO  o.s.d.r.c.RepositoryConfigurationDelegate - Finished Spring Data repository scanning in 25 ms. Found 4 JPA repository interfaces.
2026-01-13 22:25:05 [main] INFO  o.s.boot.tomcat.TomcatWebServer - Tomcat initialized with port 8080 (http)
2026-01-13 22:25:05 [main] INFO  o.a.coyote.http11.Http11NioProtocol - Initializing ProtocolHandler ["http-nio-8080"]
2026-01-13 22:25:05 [main] INFO  o.a.catalina.core.StandardService - Starting service [Tomcat]
2026-01-13 22:25:05 [main] INFO  o.a.catalina.core.StandardEngine - Starting Servlet engine: [Apache Tomcat/11.0.15]
2026-01-13 22:25:05 [main] INFO  o.s.b.w.c.s.WebApplicationContextInitializer - Root WebApplicationContext: initialization completed in 723 ms
2026-01-13 22:25:05 [main] INFO  com.zaxxer.hikari.HikariDataSource - HikariPool-1 - Starting...
2026-01-13 22:25:06 [main] WARN  o.s.b.w.s.s.c.AnnotationConfigServletWebServerApplicationContext - Exception encountered during context initialization - cancelling refresh attempt: org.springframework.beans.factory.BeanCreationException: Error creating bean with name 'entityManagerFactory' defined in class path resource [org/springframework/boot/hibernate/autoconfigure/HibernateJpaConfiguration.class]: Failed to initialize dependency 'flywayInitializer' of LoadTimeWeaverAware bean 'entityManagerFactory': Error creating bean with name 'flywayInitializer' defined in class path resource [org/springframework/boot/flyway/autoconfigure/FlywayAutoConfiguration$FlywayConfiguration.class]: Unable to obtain connection from database: Public Key Retrieval is not allowed
------------------------------------------------------------------------------
SQL State  : 08001
Error Code : 0
Message    : Public Key Retrieval is not allowed

2026-01-13 22:25:06 [main] INFO  o.a.catalina.core.StandardService - Stopping service [Tomcat]
2026-01-13 22:25:06 [main] INFO  o.s.b.a.l.ConditionEvaluationReportLogger - 

Error starting ApplicationContext. To display the condition evaluation report re-run your application with 'debug' enabled.
2026-01-13 22:25:06 [main] ERROR o.s.boot.SpringApplication - Application run failed
org.springframework.beans.factory.BeanCreationException: Error creating bean with name 'entityManagerFactory' defined in class path resource [org/springframework/boot/hibernate/autoconfigure/HibernateJpaConfiguration.class]: Failed to initialize dependency 'flywayInitializer' of LoadTimeWeaverAware bean 'entityManagerFactory': Error creating bean with name 'flywayInitializer' defined in class path resource [org/springframework/boot/flyway/autoconfigure/FlywayAutoConfiguration$FlywayConfiguration.class]: Unable to obtain connection from database: Public Key Retrieval is not allowed
------------------------------------------------------------------------------
SQL State  : 08001
Error Code : 0
Message    : Public Key Retrieval is not allowed

	at org.springframework.beans.factory.support.AbstractBeanFactory.doGetBean(AbstractBeanFactory.java:322)
	at org.springframework.beans.factory.support.AbstractBeanFactory.getBean(AbstractBeanFactory.java:201)
	at org.springframework.context.support.AbstractApplicationContext.finishBeanFactoryInitialization(AbstractApplicationContext.java:976)
	at org.springframework.context.support.AbstractApplicationContext.refresh(AbstractApplicationContext.java:620)
	at org.springframework.boot.web.server.servlet.context.ServletWebServerApplicationContext.refresh(ServletWebServerApplicationContext.java:143)
	at org.springframework.boot.SpringApplication.refresh(SpringApplication.java:756)
	at org.springframework.boot.SpringApplication.refreshContext(SpringApplication.java:445)
	at org.springframework.boot.SpringApplication.run(SpringApplication.java:321)
	at org.springframework.boot.SpringApplication.run(SpringApplication.java:1365)
	at org.springframework.boot.SpringApplication.run(SpringApplication.java:1354)
	at com.example.learning_exam_manager.LearningExamManagerApplication.main(LearningExamManagerApplication.java:10)
Caused by: org.springframework.beans.factory.BeanCreationException: Error creating bean with name 'flywayInitializer' defined in class path resource [org/springframework/boot/flyway/autoconfigure/FlywayAutoConfiguration$FlywayConfiguration.class]: Unable to obtain connection from database: Public Key Retrieval is not allowed
------------------------------------------------------------------------------
SQL State  : 08001
Error Code : 0
Message    : Public Key Retrieval is not allowed

	at org.springframework.beans.factory.support.AbstractAutowireCapableBeanFactory.initializeBean(AbstractAutowireCapableBeanFactory.java:1817)
	at org.springframework.beans.factory.support.AbstractAutowireCapableBeanFactory.doCreateBean(AbstractAutowireCapableBeanFactory.java:603)
	at org.springframework.beans.factory.support.AbstractAutowireCapableBeanFactory.createBean(AbstractAutowireCapableBeanFactory.java:525)
	at org.springframework.beans.factory.support.AbstractBeanFactory.lambda$doGetBean$0(AbstractBeanFactory.java:333)
	at org.springframework.beans.factory.support.DefaultSingletonBeanRegistry.getSingleton(DefaultSingletonBeanRegistry.java:371)
	at org.springframework.beans.factory.support.AbstractBeanFactory.doGetBean(AbstractBeanFactory.java:331)
	at org.springframework.beans.factory.support.AbstractBeanFactory.getBean(AbstractBeanFactory.java:196)
	at org.springframework.beans.factory.support.AbstractBeanFactory.doGetBean(AbstractBeanFactory.java:309)
	... 10 common frames omitted
Caused by: org.flywaydb.core.internal.exception.sqlExceptions.FlywaySqlUnableToConnectToDbException: Unable to obtain connection from database: Public Key Retrieval is not allowed
------------------------------------------------------------------------------
SQL State  : 08001
Error Code : 0
Message    : Public Key Retrieval is not allowed

	at org.flywaydb.core.internal.jdbc.JdbcUtils.openConnection(JdbcUtils.java:70)
	at org.flywaydb.core.internal.jdbc.JdbcConnectionFactory.<init>(JdbcConnectionFactory.java:76)
	at org.flywaydb.core.FlywayExecutor.execute(FlywayExecutor.java:142)
	at org.flywaydb.core.Flyway.migrate(Flyway.java:186)
	at org.springframework.boot.flyway.autoconfigure.FlywayMigrationInitializer.afterPropertiesSet(FlywayMigrationInitializer.java:67)
	at org.springframework.beans.factory.support.AbstractAutowireCapableBeanFactory.invokeInitMethods(AbstractAutowireCapableBeanFactory.java:1864)
	at org.springframework.beans.factory.support.AbstractAutowireCapableBeanFactory.initializeBean(AbstractAutowireCapableBeanFactory.java:1813)
	... 17 common frames omitted
Caused by: java.sql.SQLNonTransientConnectionException: Public Key Retrieval is not allowed
	at com.mysql.cj.jdbc.exceptions.SQLError.createSQLException(SQLError.java:102)
	at com.mysql.cj.jdbc.exceptions.SQLExceptionsMapping.translateException(SQLExceptionsMapping.java:114)
	at com.mysql.cj.jdbc.ConnectionImpl.createNewIO(ConnectionImpl.java:840)
	at com.mysql.cj.jdbc.ConnectionImpl.<init>(ConnectionImpl.java:416)
	at com.mysql.cj.jdbc.ConnectionImpl.getInstance(ConnectionImpl.java:237)
	at com.mysql.cj.jdbc.NonRegisteringDriver.connect(NonRegisteringDriver.java:180)
	at com.zaxxer.hikari.util.DriverDataSource.getConnection(DriverDataSource.java:144)
	at com.zaxxer.hikari.pool.PoolBase.newConnection(PoolBase.java:373)
	at com.zaxxer.hikari.pool.PoolBase.newPoolEntry(PoolBase.java:210)
	at com.zaxxer.hikari.pool.HikariPool.createPoolEntry(HikariPool.java:488)
	at com.zaxxer.hikari.pool.HikariPool.checkFailFast(HikariPool.java:576)
	at com.zaxxer.hikari.pool.HikariPool.<init>(HikariPool.java:97)
	at com.zaxxer.hikari.HikariDataSource.getConnection(HikariDataSource.java:111)
	at org.flywaydb.core.internal.jdbc.JdbcUtils.openConnection(JdbcUtils.java:65)
	... 23 common frames omitted
Caused by: com.mysql.cj.exceptions.UnableToConnectException: Public Key Retrieval is not allowed
	at java.base/jdk.internal.reflect.DirectConstructorHandleAccessor.newInstance(DirectConstructorHandleAccessor.java:62)
	at java.base/java.lang.reflect.Constructor.newInstanceWithCaller(Constructor.java:501)
	at java.base/java.lang.reflect.Constructor.newInstance(Constructor.java:485)
	at com.mysql.cj.exceptions.ExceptionFactory.createException(ExceptionFactory.java:52)
	at com.mysql.cj.exceptions.ExceptionFactory.createException(ExceptionFactory.java:76)
	at com.mysql.cj.protocol.a.authentication.CachingSha2PasswordPlugin.nextAuthenticationStep(CachingSha2PasswordPlugin.java:122)
	at com.mysql.cj.protocol.a.authentication.CachingSha2PasswordPlugin.nextAuthenticationStep(CachingSha2PasswordPlugin.java:40)
	at com.mysql.cj.protocol.a.NativeAuthenticationProvider.proceedHandshakeWithPluggableAuthentication(NativeAuthenticationProvider.java:436)
	at com.mysql.cj.protocol.a.NativeAuthenticationProvider.connect(NativeAuthenticationProvider.java:206)
	at com.mysql.cj.protocol.a.NativeProtocol.connect(NativeProtocol.java:1332)
	at com.mysql.cj.NativeSession.connect(NativeSession.java:155)
	at com.mysql.cj.jdbc.ConnectionImpl.connectOneTryOnly(ConnectionImpl.java:964)
	at com.mysql.cj.jdbc.ConnectionImpl.createNewIO(ConnectionImpl.java:828)
	... 34 common frames omitted
2026-01-13 22:26:21 [background-preinit] INFO  o.h.validator.internal.util.Version - HV000001: Hibernate Validator 9.0.1.Final
2026-01-13 22:26:21 [main] INFO  c.e.l.LearningExamManagerApplication - Starting LearningExamManagerApplication using Java 23.0.2 with PID 7491 (/Users/fumikun.wen/Desktop/project/Learning&Exam Manger app/learning-exam-manager/build/classes/java/main started by fumikun.wen in /Users/fumikun.wen/Desktop/project/Learning&Exam Manger app/learning-exam-manager)
2026-01-13 22:26:21 [main] DEBUG c.e.l.LearningExamManagerApplication - Running with Spring Boot v4.0.1, Spring v7.0.2
2026-01-13 22:26:21 [main] INFO  c.e.l.LearningExamManagerApplication - No active profile set, falling back to 1 default profile: "default"
2026-01-13 22:26:22 [main] INFO  o.s.d.r.c.RepositoryConfigurationDelegate - Bootstrapping Spring Data JPA repositories in DEFAULT mode.
2026-01-13 22:26:22 [main] INFO  o.s.d.r.c.RepositoryConfigurationDelegate - Finished Spring Data repository scanning in 29 ms. Found 4 JPA repository interfaces.
2026-01-13 22:26:22 [main] INFO  o.s.boot.tomcat.TomcatWebServer - Tomcat initialized with port 8080 (http)
2026-01-13 22:26:22 [main] INFO  o.a.coyote.http11.Http11NioProtocol - Initializing ProtocolHandler ["http-nio-8080"]
2026-01-13 22:26:22 [main] INFO  o.a.catalina.core.StandardService - Starting service [Tomcat]
2026-01-13 22:26:22 [main] INFO  o.a.catalina.core.StandardEngine - Starting Servlet engine: [Apache Tomcat/11.0.15]
2026-01-13 22:26:22 [main] INFO  o.s.b.w.c.s.WebApplicationContextInitializer - Root WebApplicationContext: initialization completed in 567 ms
2026-01-13 22:26:22 [main] INFO  com.zaxxer.hikari.HikariDataSource - HikariPool-1 - Starting...
2026-01-13 22:26:23 [main] WARN  o.s.b.w.s.s.c.AnnotationConfigServletWebServerApplicationContext - Exception encountered during context initialization - cancelling refresh attempt: org.springframework.beans.factory.BeanCreationException: Error creating bean with name 'entityManagerFactory' defined in class path resource [org/springframework/boot/hibernate/autoconfigure/HibernateJpaConfiguration.class]: Failed to initialize dependency 'flywayInitializer' of LoadTimeWeaverAware bean 'entityManagerFactory': Error creating bean with name 'flywayInitializer' defined in class path resource [org/springframework/boot/flyway/autoconfigure/FlywayAutoConfiguration$FlywayConfiguration.class]: Unable to obtain connection from database: Public Key Retrieval is not allowed
------------------------------------------------------------------------------
SQL State  : 08001
Error Code : 0
Message    : Public Key Retrieval is not allowed

2026-01-13 22:26:23 [main] INFO  o.a.catalina.core.StandardService - Stopping service [Tomcat]
2026-01-13 22:26:23 [main] INFO  o.s.b.a.l.ConditionEvaluationReportLogger - 

Error starting ApplicationContext. To display the condition evaluation report re-run your application with 'debug' enabled.
2026-01-13 22:26:23 [main] ERROR o.s.boot.SpringApplication - Application run failed
org.springframework.beans.factory.BeanCreationException: Error creating bean with name 'entityManagerFactory' defined in class path resource [org/springframework/boot/hibernate/autoconfigure/HibernateJpaConfiguration.class]: Failed to initialize dependency 'flywayInitializer' of LoadTimeWeaverAware bean 'entityManagerFactory': Error creating bean with name 'flywayInitializer' defined in class path resource [org/springframework/boot/flyway/autoconfigure/FlywayAutoConfiguration$FlywayConfiguration.class]: Unable to obtain connection from database: Public Key Retrieval is not allowed
------------------------------------------------------------------------------
SQL State  : 08001
Error Code : 0
Message    : Public Key Retrieval is not allowed

	at org.springframework.beans.factory.support.AbstractBeanFactory.doGetBean(AbstractBeanFactory.java:322)
	at org.springframework.beans.factory.support.AbstractBeanFactory.getBean(AbstractBeanFactory.java:201)
	at org.springframework.context.support.AbstractApplicationContext.finishBeanFactoryInitialization(AbstractApplicationContext.java:976)
	at org.springframework.context.support.AbstractApplicationContext.refresh(AbstractApplicationContext.java:620)
	at org.springframework.boot.web.server.servlet.context.ServletWebServerApplicationContext.refresh(ServletWebServerApplicationContext.java:143)
	at org.springframework.boot.SpringApplication.refresh(SpringApplication.java:756)
	at org.springframework.boot.SpringApplication.refreshContext(SpringApplication.java:445)
	at org.springframework.boot.SpringApplication.run(SpringApplication.java:321)
	at org.springframework.boot.SpringApplication.run(SpringApplication.java:1365)
	at org.springframework.boot.SpringApplication.run(SpringApplication.java:1354)
	at com.example.learning_exam_manager.LearningExamManagerApplication.main(LearningExamManagerApplication.java:10)
Caused by: org.springframework.beans.factory.BeanCreationException: Error creating bean with name 'flywayInitializer' defined in class path resource [org/springframework/boot/flyway/autoconfigure/FlywayAutoConfiguration$FlywayConfiguration.class]: Unable to obtain connection from database: Public Key Retrieval is not allowed
------------------------------------------------------------------------------
SQL State  : 08001
Error Code : 0
Message    : Public Key Retrieval is not allowed

	at org.springframework.beans.factory.support.AbstractAutowireCapableBeanFactory.initializeBean(AbstractAutowireCapableBeanFactory.java:1817)
	at org.springframework.beans.factory.support.AbstractAutowireCapableBeanFactory.doCreateBean(AbstractAutowireCapableBeanFactory.java:603)
	at org.springframework.beans.factory.support.AbstractAutowireCapableBeanFactory.createBean(AbstractAutowireCapableBeanFactory.java:525)
	at org.springframework.beans.factory.support.AbstractBeanFactory.lambda$doGetBean$0(AbstractBeanFactory.java:333)
	at org.springframework.beans.factory.support.DefaultSingletonBeanRegistry.getSingleton(DefaultSingletonBeanRegistry.java:371)
	at org.springframework.beans.factory.support.AbstractBeanFactory.doGetBean(AbstractBeanFactory.java:331)
	at org.springframework.beans.factory.support.AbstractBeanFactory.getBean(AbstractBeanFactory.java:196)
	at org.springframework.beans.factory.support.AbstractBeanFactory.doGetBean(AbstractBeanFactory.java:309)
	... 10 common frames omitted
Caused by: org.flywaydb.core.internal.exception.sqlExceptions.FlywaySqlUnableToConnectToDbException: Unable to obtain connection from database: Public Key Retrieval is not allowed
------------------------------------------------------------------------------
SQL State  : 08001
Error Code : 0
Message    : Public Key Retrieval is not allowed

	at org.flywaydb.core.internal.jdbc.JdbcUtils.openConnection(JdbcUtils.java:70)
	at org.flywaydb.core.internal.jdbc.JdbcConnectionFactory.<init>(JdbcConnectionFactory.java:76)
	at org.flywaydb.core.FlywayExecutor.execute(FlywayExecutor.java:142)
	at org.flywaydb.core.Flyway.migrate(Flyway.java:186)
	at org.springframework.boot.flyway.autoconfigure.FlywayMigrationInitializer.afterPropertiesSet(FlywayMigrationInitializer.java:67)
	at org.springframework.beans.factory.support.AbstractAutowireCapableBeanFactory.invokeInitMethods(AbstractAutowireCapableBeanFactory.java:1864)
	at org.springframework.beans.factory.support.AbstractAutowireCapableBeanFactory.initializeBean(AbstractAutowireCapableBeanFactory.java:1813)
	... 17 common frames omitted
Caused by: java.sql.SQLNonTransientConnectionException: Public Key Retrieval is not allowed
	at com.mysql.cj.jdbc.exceptions.SQLError.createSQLException(SQLError.java:102)
	at com.mysql.cj.jdbc.exceptions.SQLExceptionsMapping.translateException(SQLExceptionsMapping.java:114)
	at com.mysql.cj.jdbc.ConnectionImpl.createNewIO(ConnectionImpl.java:840)
	at com.mysql.cj.jdbc.ConnectionImpl.<init>(ConnectionImpl.java:416)
	at com.mysql.cj.jdbc.ConnectionImpl.getInstance(ConnectionImpl.java:237)
	at com.mysql.cj.jdbc.NonRegisteringDriver.connect(NonRegisteringDriver.java:180)
	at com.zaxxer.hikari.util.DriverDataSource.getConnection(DriverDataSource.java:144)
	at com.zaxxer.hikari.pool.PoolBase.newConnection(PoolBase.java:373)
	at com.zaxxer.hikari.pool.PoolBase.newPoolEntry(PoolBase.java:210)
	at com.zaxxer.hikari.pool.HikariPool.createPoolEntry(HikariPool.java:488)
	at com.zaxxer.hikari.pool.HikariPool.checkFailFast(HikariPool.java:576)
	at com.zaxxer.hikari.pool.HikariPool.<init>(HikariPool.java:97)
	at com.zaxxer.hikari.HikariDataSource.getConnection(HikariDataSource.java:111)
	at org.flywaydb.core.internal.jdbc.JdbcUtils.openConnection(JdbcUtils.java:65)
	... 23 common frames omitted
Caused by: com.mysql.cj.exceptions.UnableToConnectException: Public Key Retrieval is not allowed
	at java.base/jdk.internal.reflect.DirectConstructorHandleAccessor.newInstance(DirectConstructorHandleAccessor.java:62)
	at java.base/java.lang.reflect.Constructor.newInstanceWithCaller(Constructor.java:501)
	at java.base/java.lang.reflect.Constructor.newInstance(Constructor.java:485)
	at com.mysql.cj.exceptions.ExceptionFactory.createException(ExceptionFactory.java:52)
	at com.mysql.cj.exceptions.ExceptionFactory.createException(ExceptionFactory.java:76)
	at com.mysql.cj.protocol.a.authentication.CachingSha2PasswordPlugin.nextAuthenticationStep(CachingSha2PasswordPlugin.java:122)
	at com.mysql.cj.protocol.a.authentication.CachingSha2PasswordPlugin.nextAuthenticationStep(CachingSha2PasswordPlugin.java:40)
	at com.mysql.cj.protocol.a.NativeAuthenticationProvider.proceedHandshakeWithPluggableAuthentication(NativeAuthenticationProvider.java:436)
	at com.mysql.cj.protocol.a.NativeAuthenticationProvider.connect(NativeAuthenticationProvider.java:206)
	at com.mysql.cj.protocol.a.NativeProtocol.connect(NativeProtocol.java:1332)
	at com.mysql.cj.NativeSession.connect(NativeSession.java:155)
	at com.mysql.cj.jdbc.ConnectionImpl.connectOneTryOnly(ConnectionImpl.java:964)
	at com.mysql.cj.jdbc.ConnectionImpl.createNewIO(ConnectionImpl.java:828)
	... 34 common frames omitted
2026-01-13 22:30:22 [background-preinit] INFO  o.h.validator.internal.util.Version - HV000001: Hibernate Validator 9.0.1.Final
2026-01-13 22:30:22 [main] INFO  c.e.l.LearningExamManagerApplication - Starting LearningExamManagerApplication using Java 23.0.2 with PID 9598 (/Users/fumikun.wen/Desktop/project/Learning&Exam Manger app/learning-exam-manager/build/classes/java/main started by fumikun.wen in /Users/fumikun.wen/Desktop/project/Learning&Exam Manger app/learning-exam-manager)
2026-01-13 22:30:22 [main] DEBUG c.e.l.LearningExamManagerApplication - Running with Spring Boot v4.0.1, Spring v7.0.2
2026-01-13 22:30:22 [main] INFO  c.e.l.LearningExamManagerApplication - No active profile set, falling back to 1 default profile: "default"
2026-01-13 22:30:22 [main] INFO  o.s.d.r.c.RepositoryConfigurationDelegate - Bootstrapping Spring Data JPA repositories in DEFAULT mode.
2026-01-13 22:30:22 [main] INFO  o.s.d.r.c.RepositoryConfigurationDelegate - Finished Spring Data repository scanning in 20 ms. Found 4 JPA repository interfaces.
2026-01-13 22:30:22 [main] INFO  o.s.boot.tomcat.TomcatWebServer - Tomcat initialized with port 8080 (http)
2026-01-13 22:30:22 [main] INFO  o.a.coyote.http11.Http11NioProtocol - Initializing ProtocolHandler ["http-nio-8080"]
2026-01-13 22:30:22 [main] INFO  o.a.catalina.core.StandardService - Starting service [Tomcat]
2026-01-13 22:30:22 [main] INFO  o.a.catalina.core.StandardEngine - Starting Servlet engine: [Apache Tomcat/11.0.15]
2026-01-13 22:30:22 [main] INFO  o.s.b.w.c.s.WebApplicationContextInitializer - Root WebApplicationContext: initialization completed in 478 ms
2026-01-13 22:30:22 [main] INFO  com.zaxxer.hikari.HikariDataSource - HikariPool-1 - Starting...
2026-01-13 22:30:23 [main] INFO  com.zaxxer.hikari.pool.HikariPool - HikariPool-1 - Added connection com.mysql.cj.jdbc.ConnectionImpl@1fc0d9b4
2026-01-13 22:30:23 [main] INFO  com.zaxxer.hikari.HikariDataSource - HikariPool-1 - Start completed.
2026-01-13 22:30:23 [main] INFO  org.flywaydb.core.FlywayExecutor - Database: jdbc:mysql://localhost:3306/learning_exam_manager?useSSL=false&serverTimezone=Asia/Tokyo&characterEncoding=utf8&allowPublicKeyRetrieval=true (MySQL 9.3)
2026-01-13 22:30:23 [main] WARN  o.f.c.i.database.base.Database - Using MySQL 9.3 which is newer than the version Flyway has been verified with. The latest verified version of MySQL is 8.1.
2026-01-13 22:30:23 [main] INFO  o.f.core.internal.command.DbValidate - Successfully validated 2 migrations (execution time 00:00.018s)
2026-01-13 22:30:23 [main] INFO  o.f.core.internal.command.DbMigrate - Current version of schema `learning_exam_manager`: 2
2026-01-13 22:30:23 [main] INFO  o.f.core.internal.command.DbMigrate - Schema `learning_exam_manager` is up to date. No migration necessary.
2026-01-13 22:30:23 [main] INFO  org.hibernate.orm.jpa - HHH008540: Processing PersistenceUnitInfo [name: default]
2026-01-13 22:30:23 [main] INFO  org.hibernate.orm.core - HHH000001: Hibernate ORM core version 7.2.0.Final
2026-01-13 22:30:23 [main] INFO  o.s.o.j.p.SpringPersistenceUnitInfo - No LoadTimeWeaver setup: ignoring JPA class transformer
2026-01-13 22:30:23 [main] WARN  org.hibernate.orm.deprecation - HHH90000025: MySQLDialect does not need to be specified explicitly using 'hibernate.dialect' (remove the property setting and it will be selected by default)
2026-01-13 22:30:23 [main] INFO  o.hibernate.orm.connections.pooling - HHH10001005: Database info:
	Database JDBC URL [jdbc:mysql://localhost:3306/learning_exam_manager?useSSL=false&serverTimezone=Asia/Tokyo&characterEncoding=utf8&allowPublicKeyRetrieval=true]
	Database driver: MySQL Connector/J
	Database dialect: MySQLDialect
	Database version: 9.3
	Default catalog/schema: learning_exam_manager/undefined
	Autocommit mode: undefined/unknown
	Isolation level: REPEATABLE_READ [default REPEATABLE_READ]
	JDBC fetch size: none
	Pool: DataSourceConnectionProvider
	Minimum pool size: undefined/unknown
	Maximum pool size: undefined/unknown
2026-01-13 22:30:23 [main] INFO  org.hibernate.orm.core - HHH000489: No JTA platform available (set 'hibernate.transaction.jta.platform' to enable JTA platform integration)
2026-01-13 22:30:24 [main] INFO  o.s.o.j.LocalContainerEntityManagerFactoryBean - Initialized JPA EntityManagerFactory for persistence unit 'default'
2026-01-13 22:30:24 [main] INFO  o.s.d.j.r.q.QueryEnhancerFactories - Hibernate is in classpath; If applicable, HQL parser will be used.
2026-01-13 22:30:24 [main] WARN  o.s.b.j.a.JpaBaseConfiguration$JpaWebConfiguration - spring.jpa.open-in-view is enabled by default. Therefore, database queries may be performed during view rendering. Explicitly configure spring.jpa.open-in-view to disable this warning
2026-01-13 22:30:24 [main] INFO  o.a.coyote.http11.Http11NioProtocol - Starting ProtocolHandler ["http-nio-8080"]
2026-01-13 22:30:24 [main] INFO  o.s.boot.tomcat.TomcatWebServer - Tomcat started on port 8080 (http) with context path '/'
2026-01-13 22:30:24 [main] INFO  c.e.l.LearningExamManagerApplication - Started LearningExamManagerApplication in 2.653 seconds (process running for 2.831)
2026-01-13 22:30:36 [http-nio-8080-exec-1] INFO  o.a.c.c.C.[Tomcat].[localhost].[/] - Initializing Spring DispatcherServlet 'dispatcherServlet'
2026-01-13 22:30:36 [http-nio-8080-exec-1] INFO  o.s.web.servlet.DispatcherServlet - Initializing Servlet 'dispatcherServlet'
2026-01-13 22:30:37 [http-nio-8080-exec-1] INFO  o.s.web.servlet.DispatcherServlet - Completed initialization in 4 ms
2026-01-13 22:30:37 [http-nio-8080-exec-1] DEBUG c.e.l.c.ExamResultController - 試験結果一覧を表示します: keyword=null, page=0, size=10
2026-01-13 22:30:37 [http-nio-8080-exec-1] DEBUG c.e.l.service.ExamResultService - 試験結果一覧をページングして取得します
2026-01-13 22:30:37 [http-nio-8080-exec-1] INFO  c.e.l.service.ExamResultService - 試験結果を64件取得しました
2026-01-13 22:30:37 [http-nio-8080-exec-1] INFO  c.e.l.c.ExamResultController - 試験結果一覧を表示しました: totalPages=7, totalItems=64, pageSize=10
2026-01-13 22:30:46 [http-nio-8080-exec-3] DEBUG c.e.l.controller.ExamController - 試験一覧を表示します: keyword=null, page=0, size=10
2026-01-13 22:30:46 [http-nio-8080-exec-3] DEBUG c.e.l.service.ExamService - 試験一覧をページングして取得します
2026-01-13 22:30:46 [http-nio-8080-exec-3] INFO  c.e.l.service.ExamService - 試験を18件取得しました
2026-01-13 22:30:46 [http-nio-8080-exec-3] INFO  c.e.l.controller.ExamController - 試験一覧を表示しました: totalPages=2, totalItems=18, pageSize=10
2026-01-13 23:26:27 [background-preinit] INFO  o.h.validator.internal.util.Version - HV000001: Hibernate Validator 9.0.1.Final
2026-01-13 23:26:27 [main] INFO  c.e.l.LearningExamManagerApplication - Starting LearningExamManagerApplication using Java 23.0.2 with PID 42820 (/Users/fumikun.wen/Desktop/project/Learning&Exam Manger app/learning-exam-manager/build/classes/java/main started by fumikun.wen in /Users/fumikun.wen/Desktop/project/Learning&Exam Manger app/learning-exam-manager)
2026-01-13 23:26:27 [main] DEBUG c.e.l.LearningExamManagerApplication - Running with Spring Boot v4.0.1, Spring v7.0.2
2026-01-13 23:26:27 [main] INFO  c.e.l.LearningExamManagerApplication - No active profile set, falling back to 1 default profile: "default"
2026-01-13 23:26:27 [main] INFO  o.s.d.r.c.RepositoryConfigurationDelegate - Bootstrapping Spring Data JPA repositories in DEFAULT mode.
2026-01-13 23:26:27 [main] INFO  o.s.d.r.c.RepositoryConfigurationDelegate - Finished Spring Data repository scanning in 22 ms. Found 4 JPA repository interfaces.
2026-01-13 23:26:27 [main] INFO  o.s.boot.tomcat.TomcatWebServer - Tomcat initialized with port 8080 (http)
2026-01-13 23:26:27 [main] INFO  o.a.coyote.http11.Http11NioProtocol - Initializing ProtocolHandler ["http-nio-8080"]
2026-01-13 23:26:27 [main] INFO  o.a.catalina.core.StandardService - Starting service [Tomcat]
2026-01-13 23:26:27 [main] INFO  o.a.catalina.core.StandardEngine - Starting Servlet engine: [Apache Tomcat/11.0.15]
2026-01-13 23:26:27 [main] INFO  o.s.b.w.c.s.WebApplicationContextInitializer - Root WebApplicationContext: initialization completed in 522 ms
2026-01-13 23:26:27 [main] INFO  com.zaxxer.hikari.HikariDataSource - HikariPool-1 - Starting...
2026-01-13 23:26:28 [main] INFO  com.zaxxer.hikari.pool.HikariPool - HikariPool-1 - Added connection com.mysql.cj.jdbc.ConnectionImpl@76e6c070
2026-01-13 23:26:28 [main] INFO  com.zaxxer.hikari.HikariDataSource - HikariPool-1 - Start completed.
2026-01-13 23:26:28 [main] INFO  org.flywaydb.core.FlywayExecutor - Database: jdbc:mysql://localhost:3306/learning_exam_manager?useSSL=false&serverTimezone=Asia/Tokyo&characterEncoding=utf8&allowPublicKeyRetrieval=true (MySQL 9.3)
2026-01-13 23:26:28 [main] WARN  o.f.c.i.database.base.Database - Using MySQL 9.3 which is newer than the version Flyway has been verified with. The latest verified version of MySQL is 8.1.
2026-01-13 23:26:28 [main] INFO  o.f.core.internal.command.DbValidate - Successfully validated 2 migrations (execution time 00:00.016s)
2026-01-13 23:26:28 [main] INFO  o.f.core.internal.command.DbMigrate - Current version of schema `learning_exam_manager`: 2
2026-01-13 23:26:28 [main] INFO  o.f.core.internal.command.DbMigrate - Schema `learning_exam_manager` is up to date. No migration necessary.
2026-01-13 23:26:28 [main] INFO  org.hibernate.orm.jpa - HHH008540: Processing PersistenceUnitInfo [name: default]
2026-01-13 23:26:28 [main] INFO  org.hibernate.orm.core - HHH000001: Hibernate ORM core version 7.2.0.Final
2026-01-13 23:26:28 [main] INFO  o.s.o.j.p.SpringPersistenceUnitInfo - No LoadTimeWeaver setup: ignoring JPA class transformer
2026-01-13 23:26:28 [main] WARN  org.hibernate.orm.deprecation - HHH90000025: MySQLDialect does not need to be specified explicitly using 'hibernate.dialect' (remove the property setting and it will be selected by default)
2026-01-13 23:26:28 [main] INFO  o.hibernate.orm.connections.pooling - HHH10001005: Database info:
	Database JDBC URL [jdbc:mysql://localhost:3306/learning_exam_manager?useSSL=false&serverTimezone=Asia/Tokyo&characterEncoding=utf8&allowPublicKeyRetrieval=true]
	Database driver: MySQL Connector/J
	Database dialect: MySQLDialect
	Database version: 9.3
	Default catalog/schema: learning_exam_manager/undefined
	Autocommit mode: undefined/unknown
	Isolation level: REPEATABLE_READ [default REPEATABLE_READ]
	JDBC fetch size: none
	Pool: DataSourceConnectionProvider
	Minimum pool size: undefined/unknown
	Maximum pool size: undefined/unknown
2026-01-13 23:26:29 [main] INFO  org.hibernate.orm.core - HHH000489: No JTA platform available (set 'hibernate.transaction.jta.platform' to enable JTA platform integration)
2026-01-13 23:26:29 [main] INFO  o.s.o.j.LocalContainerEntityManagerFactoryBean - Initialized JPA EntityManagerFactory for persistence unit 'default'
2026-01-13 23:26:29 [main] INFO  o.s.d.j.r.q.QueryEnhancerFactories - Hibernate is in classpath; If applicable, HQL parser will be used.
2026-01-13 23:26:29 [main] WARN  o.s.b.j.a.JpaBaseConfiguration$JpaWebConfiguration - spring.jpa.open-in-view is enabled by default. Therefore, database queries may be performed during view rendering. Explicitly configure spring.jpa.open-in-view to disable this warning
2026-01-13 23:26:29 [main] INFO  o.a.coyote.http11.Http11NioProtocol - Starting ProtocolHandler ["http-nio-8080"]
2026-01-13 23:26:29 [main] INFO  o.s.boot.tomcat.TomcatWebServer - Tomcat started on port 8080 (http) with context path '/'
2026-01-13 23:26:29 [main] INFO  c.e.l.LearningExamManagerApplication - Started LearningExamManagerApplication in 2.819 seconds (process running for 3.003)
2026-01-13 23:26:33 [http-nio-8080-exec-1] INFO  o.a.c.c.C.[Tomcat].[localhost].[/] - Initializing Spring DispatcherServlet 'dispatcherServlet'
2026-01-13 23:26:33 [http-nio-8080-exec-1] INFO  o.s.web.servlet.DispatcherServlet - Initializing Servlet 'dispatcherServlet'
2026-01-13 23:26:33 [http-nio-8080-exec-1] INFO  o.s.web.servlet.DispatcherServlet - Completed initialization in 1 ms
2026-01-13 23:26:33 [http-nio-8080-exec-1] DEBUG c.e.l.controller.DashboardController - ダッシュボードを表示します
2026-01-13 23:26:33 [http-nio-8080-exec-1] DEBUG c.e.l.service.DashboardService - すべての科目の進捗率を取得します
2026-01-13 23:26:33 [http-nio-8080-exec-1] DEBUG c.e.l.service.DashboardService - 進捗率を計算します: subjectId=1, subjectName=Java基礎
2026-01-13 23:26:33 [http-nio-8080-exec-1] DEBUG c.e.l.service.DashboardService - 進捗率を計算しました: subjectId=1, 完了数=8, 総数=10, 進捗率=80.0%
2026-01-13 23:26:33 [http-nio-8080-exec-1] DEBUG c.e.l.service.DashboardService - 進捗率を計算します: subjectId=2, subjectName=Spring Boot
2026-01-13 23:26:33 [http-nio-8080-exec-1] DEBUG c.e.l.service.DashboardService - 進捗率を計算しました: subjectId=2, 完了数=8, 総数=10, 進捗率=80.0%
2026-01-13 23:26:33 [http-nio-8080-exec-1] DEBUG c.e.l.service.DashboardService - 進捗率を計算します: subjectId=3, subjectName=データベース
2026-01-13 23:26:33 [http-nio-8080-exec-1] DEBUG c.e.l.service.DashboardService - 進捗率を計算しました: subjectId=3, 完了数=8, 総数=10, 進捗率=80.0%
2026-01-13 23:26:33 [http-nio-8080-exec-1] DEBUG c.e.l.service.DashboardService - 進捗率を計算します: subjectId=4, subjectName=Web開発基礎
2026-01-13 23:26:33 [http-nio-8080-exec-1] DEBUG c.e.l.service.DashboardService - 進捗率を計算しました: subjectId=4, 完了数=8, 総数=10, 進捗率=80.0%
2026-01-13 23:26:33 [http-nio-8080-exec-1] DEBUG c.e.l.service.DashboardService - 進捗率を計算します: subjectId=5, subjectName=アルゴリズムとデータ構造
2026-01-13 23:26:33 [http-nio-8080-exec-1] DEBUG c.e.l.service.DashboardService - 進捗率を計算しました: subjectId=5, 完了数=8, 総数=10, 進捗率=80.0%
2026-01-13 23:26:33 [http-nio-8080-exec-1] DEBUG c.e.l.service.DashboardService - 進捗率を計算します: subjectId=6, subjectName=Git・バージョン管理
2026-01-13 23:26:33 [http-nio-8080-exec-1] DEBUG c.e.l.service.DashboardService - 進捗率を計算しました: subjectId=6, 完了数=8, 総数=10, 進捗率=80.0%
2026-01-13 23:26:33 [http-nio-8080-exec-1] DEBUG c.e.l.service.DashboardService - 進捗率を計算します: subjectId=7, subjectName=RESTful API
2026-01-13 23:26:33 [http-nio-8080-exec-1] DEBUG c.e.l.service.DashboardService - 進捗率を計算しました: subjectId=7, 完了数=8, 総数=10, 進捗率=80.0%
2026-01-13 23:26:33 [http-nio-8080-exec-1] DEBUG c.e.l.service.DashboardService - 進捗率を計算します: subjectId=8, subjectName=セキュリティ基礎
2026-01-13 23:26:33 [http-nio-8080-exec-1] DEBUG c.e.l.service.DashboardService - 進捗率を計算しました: subjectId=8, 完了数=8, 総数=10, 進捗率=80.0%
2026-01-13 23:26:33 [http-nio-8080-exec-1] DEBUG c.e.l.service.DashboardService - 進捗率を計算します: subjectId=9, subjectName=テスト駆動開発
2026-01-13 23:26:33 [http-nio-8080-exec-1] DEBUG c.e.l.service.DashboardService - 進捗率を計算しました: subjectId=9, 完了数=8, 総数=10, 進捗率=80.0%
2026-01-13 23:26:33 [http-nio-8080-exec-1] DEBUG c.e.l.service.DashboardService - 進捗率を計算します: subjectId=10, subjectName=Docker基礎
2026-01-13 23:26:33 [http-nio-8080-exec-1] DEBUG c.e.l.service.DashboardService - 進捗率を計算しました: subjectId=10, 完了数=8, 総数=10, 進捗率=80.0%
2026-01-13 23:26:33 [http-nio-8080-exec-1] DEBUG c.e.l.service.DashboardService - 進捗率を計算します: subjectId=13, subjectName=test
2026-01-13 23:26:33 [http-nio-8080-exec-1] DEBUG c.e.l.service.DashboardService - 学習項目が存在しないため、進捗率は0%です: subjectId=13
2026-01-13 23:26:33 [http-nio-8080-exec-1] INFO  c.e.l.service.DashboardService - 科目の進捗率を11件取得しました
2026-01-13 23:26:33 [http-nio-8080-exec-1] DEBUG c.e.l.service.DashboardService - 直近の試験結果を取得します
2026-01-13 23:26:33 [http-nio-8080-exec-1] INFO  c.e.l.service.DashboardService - 直近の試験結果を64件取得しました
2026-01-13 23:26:33 [http-nio-8080-exec-1] INFO  c.e.l.controller.DashboardController - ダッシュボードを表示しました: 科目数=11, 試験結果数=64
